INFO     [2021-09-24 12:30:31,398] django.utils.autoreload: Watching for file changes with StatReloader
INFO     [2021-09-24 12:30:31,398] django.utils.autoreload: Watching for file changes with StatReloader
INFO     [2021-09-24 12:30:54,388] django.server: "GET /admin/store/product/add/ HTTP/1.1" 200 10684
INFO     [2021-09-24 12:30:54,388] django.server: "GET /admin/store/product/add/ HTTP/1.1" 200 10684
INFO     [2021-09-24 12:30:54,415] django.server: "GET /admin/jsi18n/ HTTP/1.1" 200 3195
INFO     [2021-09-24 12:30:54,415] django.server: "GET /admin/jsi18n/ HTTP/1.1" 200 3195
INFO     [2021-09-24 12:31:08,020] django.server: "POST /admin/store/product/add/ HTTP/1.1" 302 0
INFO     [2021-09-24 12:31:08,020] django.server: "POST /admin/store/product/add/ HTTP/1.1" 302 0
INFO     [2021-09-24 12:31:08,073] django.server: "GET /admin/store/product/ HTTP/1.1" 200 9112
INFO     [2021-09-24 12:31:08,073] django.server: "GET /admin/store/product/ HTTP/1.1" 200 9112
INFO     [2021-09-24 12:31:08,096] django.server: "GET /admin/jsi18n/ HTTP/1.1" 200 3195
INFO     [2021-09-24 12:31:08,096] django.server: "GET /admin/jsi18n/ HTTP/1.1" 200 3195
INFO     [2021-09-24 12:31:09,714] django.server: "GET /admin/store/product/add/ HTTP/1.1" 200 10684
INFO     [2021-09-24 12:31:09,714] django.server: "GET /admin/store/product/add/ HTTP/1.1" 200 10684
INFO     [2021-09-24 12:31:09,740] django.server: "GET /admin/jsi18n/ HTTP/1.1" 200 3195
INFO     [2021-09-24 12:31:09,740] django.server: "GET /admin/jsi18n/ HTTP/1.1" 200 3195
INFO     [2021-09-25 07:34:04,617] django.utils.autoreload: Watching for file changes with StatReloader
INFO     [2021-09-25 07:34:04,617] django.utils.autoreload: Watching for file changes with StatReloader
ERROR    [2021-09-25 07:34:20,075] django.request: Internal Server Error: /store/
Traceback (most recent call last):
  File "/home/aditya/projects/eshop/env9/lib/python3.9/site-packages/django/template/base.py", line 829, in _resolve_lookup
    current = current[bit]
TypeError: 'ImageFieldFile' object is not subscriptable

During handling of the above exception, another exception occurred:

Traceback (most recent call last):
  File "/home/aditya/projects/eshop/env9/lib/python3.9/site-packages/django/core/handlers/exception.py", line 47, in inner
    response = get_response(request)
  File "/home/aditya/projects/eshop/env9/lib/python3.9/site-packages/django/core/handlers/base.py", line 181, in _get_response
    response = wrapped_callback(request, *callback_args, **callback_kwargs)
  File "/home/aditya/projects/eshop/E-Shop/store/views.py", line 28, in index
    return render(
  File "/home/aditya/projects/eshop/env9/lib/python3.9/site-packages/django/shortcuts.py", line 19, in render
    content = loader.render_to_string(template_name, context, request, using=using)
  File "/home/aditya/projects/eshop/env9/lib/python3.9/site-packages/django/template/loader.py", line 62, in render_to_string
    return template.render(context, request)
  File "/home/aditya/projects/eshop/env9/lib/python3.9/site-packages/django/template/backends/django.py", line 61, in render
    return self.template.render(context)
  File "/home/aditya/projects/eshop/env9/lib/python3.9/site-packages/django/template/base.py", line 170, in render
    return self._render(context)
  File "/home/aditya/projects/eshop/env9/lib/python3.9/site-packages/django/template/base.py", line 162, in _render
    return self.nodelist.render(context)
  File "/home/aditya/projects/eshop/env9/lib/python3.9/site-packages/django/template/base.py", line 938, in render
    bit = node.render_annotated(context)
  File "/home/aditya/projects/eshop/env9/lib/python3.9/site-packages/django/template/base.py", line 905, in render_annotated
    return self.render(context)
  File "/home/aditya/projects/eshop/env9/lib/python3.9/site-packages/django/template/loader_tags.py", line 150, in render
    return compiled_parent._render(context)
  File "/home/aditya/projects/eshop/env9/lib/python3.9/site-packages/django/template/base.py", line 162, in _render
    return self.nodelist.render(context)
  File "/home/aditya/projects/eshop/env9/lib/python3.9/site-packages/django/template/base.py", line 938, in render
    bit = node.render_annotated(context)
  File "/home/aditya/projects/eshop/env9/lib/python3.9/site-packages/django/template/base.py", line 905, in render_annotated
    return self.render(context)
  File "/home/aditya/projects/eshop/env9/lib/python3.9/site-packages/django/template/loader_tags.py", line 62, in render
    result = block.nodelist.render(context)
  File "/home/aditya/projects/eshop/env9/lib/python3.9/site-packages/django/template/base.py", line 938, in render
    bit = node.render_annotated(context)
  File "/home/aditya/projects/eshop/env9/lib/python3.9/site-packages/django/template/base.py", line 905, in render_annotated
    return self.render(context)
  File "/home/aditya/projects/eshop/env9/lib/python3.9/site-packages/django/template/defaulttags.py", line 211, in render
    nodelist.append(node.render_annotated(context))
  File "/home/aditya/projects/eshop/env9/lib/python3.9/site-packages/django/template/base.py", line 905, in render_annotated
    return self.render(context)
  File "/home/aditya/projects/eshop/env9/lib/python3.9/site-packages/django/template/defaulttags.py", line 305, in render
    match = condition.eval(context)
  File "/home/aditya/projects/eshop/env9/lib/python3.9/site-packages/django/template/defaulttags.py", line 889, in eval
    return self.value.resolve(context, ignore_failures=True)
  File "/home/aditya/projects/eshop/env9/lib/python3.9/site-packages/django/template/base.py", line 671, in resolve
    obj = self.var.resolve(context)
  File "/home/aditya/projects/eshop/env9/lib/python3.9/site-packages/django/template/base.py", line 796, in resolve
    value = self._resolve_lookup(context)
  File "/home/aditya/projects/eshop/env9/lib/python3.9/site-packages/django/template/base.py", line 837, in _resolve_lookup
    current = getattr(current, bit)
  File "/home/aditya/projects/eshop/env9/lib/python3.9/site-packages/django/db/models/fields/files.py", line 63, in url
    return self.storage.url(self.name)
  File "/home/aditya/projects/eshop/env9/lib/python3.9/site-packages/django/utils/functional.py", line 246, in inner
    self._setup()
  File "/home/aditya/projects/eshop/env9/lib/python3.9/site-packages/django/core/files/storage.py", line 364, in _setup
    self._wrapped = get_storage_class()()
  File "/home/aditya/projects/eshop/env9/lib/python3.9/site-packages/django/core/files/storage.py", line 359, in get_storage_class
    return import_string(import_path or settings.DEFAULT_FILE_STORAGE)
  File "/home/aditya/projects/eshop/env9/lib/python3.9/site-packages/django/utils/module_loading.py", line 17, in import_string
    module = import_module(module_path)
  File "/usr/lib/python3.9/importlib/__init__.py", line 127, in import_module
    return _bootstrap._gcd_import(name[level:], package, level)
  File "<frozen importlib._bootstrap>", line 1030, in _gcd_import
  File "<frozen importlib._bootstrap>", line 1007, in _find_and_load
  File "<frozen importlib._bootstrap>", line 984, in _find_and_load_unlocked
ModuleNotFoundError: No module named 'common'
ERROR    [2021-09-25 07:34:20,075] django.request: Internal Server Error: /store/
Traceback (most recent call last):
  File "/home/aditya/projects/eshop/env9/lib/python3.9/site-packages/django/template/base.py", line 829, in _resolve_lookup
    current = current[bit]
TypeError: 'ImageFieldFile' object is not subscriptable

During handling of the above exception, another exception occurred:

Traceback (most recent call last):
  File "/home/aditya/projects/eshop/env9/lib/python3.9/site-packages/django/core/handlers/exception.py", line 47, in inner
    response = get_response(request)
  File "/home/aditya/projects/eshop/env9/lib/python3.9/site-packages/django/core/handlers/base.py", line 181, in _get_response
    response = wrapped_callback(request, *callback_args, **callback_kwargs)
  File "/home/aditya/projects/eshop/E-Shop/store/views.py", line 28, in index
    return render(
  File "/home/aditya/projects/eshop/env9/lib/python3.9/site-packages/django/shortcuts.py", line 19, in render
    content = loader.render_to_string(template_name, context, request, using=using)
  File "/home/aditya/projects/eshop/env9/lib/python3.9/site-packages/django/template/loader.py", line 62, in render_to_string
    return template.render(context, request)
  File "/home/aditya/projects/eshop/env9/lib/python3.9/site-packages/django/template/backends/django.py", line 61, in render
    return self.template.render(context)
  File "/home/aditya/projects/eshop/env9/lib/python3.9/site-packages/django/template/base.py", line 170, in render
    return self._render(context)
  File "/home/aditya/projects/eshop/env9/lib/python3.9/site-packages/django/template/base.py", line 162, in _render
    return self.nodelist.render(context)
  File "/home/aditya/projects/eshop/env9/lib/python3.9/site-packages/django/template/base.py", line 938, in render
    bit = node.render_annotated(context)
  File "/home/aditya/projects/eshop/env9/lib/python3.9/site-packages/django/template/base.py", line 905, in render_annotated
    return self.render(context)
  File "/home/aditya/projects/eshop/env9/lib/python3.9/site-packages/django/template/loader_tags.py", line 150, in render
    return compiled_parent._render(context)
  File "/home/aditya/projects/eshop/env9/lib/python3.9/site-packages/django/template/base.py", line 162, in _render
    return self.nodelist.render(context)
  File "/home/aditya/projects/eshop/env9/lib/python3.9/site-packages/django/template/base.py", line 938, in render
    bit = node.render_annotated(context)
  File "/home/aditya/projects/eshop/env9/lib/python3.9/site-packages/django/template/base.py", line 905, in render_annotated
    return self.render(context)
  File "/home/aditya/projects/eshop/env9/lib/python3.9/site-packages/django/template/loader_tags.py", line 62, in render
    result = block.nodelist.render(context)
  File "/home/aditya/projects/eshop/env9/lib/python3.9/site-packages/django/template/base.py", line 938, in render
    bit = node.render_annotated(context)
  File "/home/aditya/projects/eshop/env9/lib/python3.9/site-packages/django/template/base.py", line 905, in render_annotated
    return self.render(context)
  File "/home/aditya/projects/eshop/env9/lib/python3.9/site-packages/django/template/defaulttags.py", line 211, in render
    nodelist.append(node.render_annotated(context))
  File "/home/aditya/projects/eshop/env9/lib/python3.9/site-packages/django/template/base.py", line 905, in render_annotated
    return self.render(context)
  File "/home/aditya/projects/eshop/env9/lib/python3.9/site-packages/django/template/defaulttags.py", line 305, in render
    match = condition.eval(context)
  File "/home/aditya/projects/eshop/env9/lib/python3.9/site-packages/django/template/defaulttags.py", line 889, in eval
    return self.value.resolve(context, ignore_failures=True)
  File "/home/aditya/projects/eshop/env9/lib/python3.9/site-packages/django/template/base.py", line 671, in resolve
    obj = self.var.resolve(context)
  File "/home/aditya/projects/eshop/env9/lib/python3.9/site-packages/django/template/base.py", line 796, in resolve
    value = self._resolve_lookup(context)
  File "/home/aditya/projects/eshop/env9/lib/python3.9/site-packages/django/template/base.py", line 837, in _resolve_lookup
    current = getattr(current, bit)
  File "/home/aditya/projects/eshop/env9/lib/python3.9/site-packages/django/db/models/fields/files.py", line 63, in url
    return self.storage.url(self.name)
  File "/home/aditya/projects/eshop/env9/lib/python3.9/site-packages/django/utils/functional.py", line 246, in inner
    self._setup()
  File "/home/aditya/projects/eshop/env9/lib/python3.9/site-packages/django/core/files/storage.py", line 364, in _setup
    self._wrapped = get_storage_class()()
  File "/home/aditya/projects/eshop/env9/lib/python3.9/site-packages/django/core/files/storage.py", line 359, in get_storage_class
    return import_string(import_path or settings.DEFAULT_FILE_STORAGE)
  File "/home/aditya/projects/eshop/env9/lib/python3.9/site-packages/django/utils/module_loading.py", line 17, in import_string
    module = import_module(module_path)
  File "/usr/lib/python3.9/importlib/__init__.py", line 127, in import_module
    return _bootstrap._gcd_import(name[level:], package, level)
  File "<frozen importlib._bootstrap>", line 1030, in _gcd_import
  File "<frozen importlib._bootstrap>", line 1007, in _find_and_load
  File "<frozen importlib._bootstrap>", line 984, in _find_and_load_unlocked
ModuleNotFoundError: No module named 'common'
ERROR    [2021-09-25 07:34:20,076] django.server: "GET /store/ HTTP/1.1" 500 214556
ERROR    [2021-09-25 07:34:20,076] django.server: "GET /store/ HTTP/1.1" 500 214556
WARNING  [2021-09-25 07:34:20,229] django.request: Not Found: /favicon.ico
WARNING  [2021-09-25 07:34:20,229] django.request: Not Found: /favicon.ico
WARNING  [2021-09-25 07:34:20,229] django.server: "GET /favicon.ico HTTP/1.1" 404 2435
WARNING  [2021-09-25 07:34:20,229] django.server: "GET /favicon.ico HTTP/1.1" 404 2435
INFO     [2021-09-25 07:35:05,195] django.utils.autoreload: /home/aditya/projects/eshop/E-Shop/e_shop/settings.py changed, reloading.
INFO     [2021-09-25 07:35:05,195] django.utils.autoreload: /home/aditya/projects/eshop/E-Shop/e_shop/settings.py changed, reloading.
INFO     [2021-09-25 07:35:06,139] django.utils.autoreload: Watching for file changes with StatReloader
INFO     [2021-09-25 07:35:06,139] django.utils.autoreload: Watching for file changes with StatReloader
INFO     [2021-09-25 07:35:07,622] django.server: "GET /store/ HTTP/1.1" 200 5393
INFO     [2021-09-25 07:35:07,622] django.server: "GET /store/ HTTP/1.1" 200 5393
INFO     [2021-09-25 07:35:14,490] django.server: "GET /store/ HTTP/1.1" 200 5393
INFO     [2021-09-25 07:35:14,490] django.server: "GET /store/ HTTP/1.1" 200 5393
INFO     [2021-09-25 07:35:17,907] django.server: "GET /admin/ HTTP/1.1" 200 7958
INFO     [2021-09-25 07:35:17,907] django.server: "GET /admin/ HTTP/1.1" 200 7958
INFO     [2021-09-25 07:35:18,265] django.server: "GET /admin/ HTTP/1.1" 200 7958
INFO     [2021-09-25 07:35:18,265] django.server: "GET /admin/ HTTP/1.1" 200 7958
INFO     [2021-09-25 07:35:42,045] django.utils.autoreload: /home/aditya/projects/eshop/E-Shop/e_shop/settings.py changed, reloading.
INFO     [2021-09-25 07:35:42,045] django.utils.autoreload: /home/aditya/projects/eshop/E-Shop/e_shop/settings.py changed, reloading.
INFO     [2021-09-25 07:35:42,900] django.utils.autoreload: Watching for file changes with StatReloader
INFO     [2021-09-25 07:35:42,900] django.utils.autoreload: Watching for file changes with StatReloader
INFO     [2021-09-25 07:36:09,627] django.utils.autoreload: /home/aditya/projects/eshop/E-Shop/e_shop/settings.py changed, reloading.
INFO     [2021-09-25 07:36:09,627] django.utils.autoreload: /home/aditya/projects/eshop/E-Shop/e_shop/settings.py changed, reloading.
INFO     [2021-09-25 07:36:10,150] django.utils.autoreload: Watching for file changes with StatReloader
INFO     [2021-09-25 07:36:10,150] django.utils.autoreload: Watching for file changes with StatReloader
INFO     [2021-09-25 07:36:36,833] django.utils.autoreload: /home/aditya/projects/eshop/E-Shop/e_shop/settings.py changed, reloading.
INFO     [2021-09-25 07:36:36,833] django.utils.autoreload: /home/aditya/projects/eshop/E-Shop/e_shop/settings.py changed, reloading.
INFO     [2021-09-25 07:36:37,373] django.utils.autoreload: Watching for file changes with StatReloader
INFO     [2021-09-25 07:36:37,373] django.utils.autoreload: Watching for file changes with StatReloader
INFO     [2021-09-25 07:36:54,933] django.utils.autoreload: /home/aditya/projects/eshop/E-Shop/e_shop/settings.py changed, reloading.
INFO     [2021-09-25 07:36:54,933] django.utils.autoreload: /home/aditya/projects/eshop/E-Shop/e_shop/settings.py changed, reloading.
INFO     [2021-09-25 07:36:55,450] django.utils.autoreload: Watching for file changes with StatReloader
INFO     [2021-09-25 07:36:55,450] django.utils.autoreload: Watching for file changes with StatReloader
INFO     [2021-09-25 07:37:20,090] django.utils.autoreload: /home/aditya/projects/eshop/E-Shop/e_shop/settings.py changed, reloading.
INFO     [2021-09-25 07:37:20,090] django.utils.autoreload: /home/aditya/projects/eshop/E-Shop/e_shop/settings.py changed, reloading.
INFO     [2021-09-25 07:37:20,610] django.utils.autoreload: Watching for file changes with StatReloader
INFO     [2021-09-25 07:37:20,610] django.utils.autoreload: Watching for file changes with StatReloader
INFO     [2021-09-25 07:37:27,937] django.utils.autoreload: /home/aditya/projects/eshop/E-Shop/e_shop/settings.py changed, reloading.
INFO     [2021-09-25 07:37:27,937] django.utils.autoreload: /home/aditya/projects/eshop/E-Shop/e_shop/settings.py changed, reloading.
INFO     [2021-09-25 07:37:28,442] django.utils.autoreload: Watching for file changes with StatReloader
INFO     [2021-09-25 07:37:28,442] django.utils.autoreload: Watching for file changes with StatReloader
INFO     [2021-09-25 07:42:00,152] django.utils.autoreload: /home/aditya/projects/eshop/E-Shop/e_shop/settings.py changed, reloading.
INFO     [2021-09-25 07:42:00,152] django.utils.autoreload: /home/aditya/projects/eshop/E-Shop/e_shop/settings.py changed, reloading.
INFO     [2021-09-25 07:42:00,680] django.utils.autoreload: Watching for file changes with StatReloader
INFO     [2021-09-25 07:42:00,680] django.utils.autoreload: Watching for file changes with StatReloader
INFO     [2021-09-25 07:46:37,258] django.utils.autoreload: /home/aditya/projects/eshop/E-Shop/e_shop/settings.py changed, reloading.
INFO     [2021-09-25 07:46:37,258] django.utils.autoreload: /home/aditya/projects/eshop/E-Shop/e_shop/settings.py changed, reloading.
INFO     [2021-09-25 08:43:39,024] django.utils.autoreload: Watching for file changes with StatReloader
INFO     [2021-09-25 08:43:39,024] django.utils.autoreload: Watching for file changes with StatReloader
INFO     [2021-09-25 08:44:31,864] django.utils.autoreload: /home/aditya/projects/eshop/E-Shop/e_shop/settings.py changed, reloading.
INFO     [2021-09-25 08:44:31,864] django.utils.autoreload: /home/aditya/projects/eshop/E-Shop/e_shop/settings.py changed, reloading.
INFO     [2021-09-25 08:44:32,371] django.utils.autoreload: Watching for file changes with StatReloader
INFO     [2021-09-25 08:44:32,371] django.utils.autoreload: Watching for file changes with StatReloader
INFO     [2021-09-25 08:44:42,919] django.server: "GET /admin/ HTTP/1.1" 200 7958
INFO     [2021-09-25 08:44:42,919] django.server: "GET /admin/ HTTP/1.1" 200 7958
INFO     [2021-09-25 08:46:14,585] django.utils.autoreload: Watching for file changes with StatReloader
INFO     [2021-09-25 08:46:14,585] django.utils.autoreload: Watching for file changes with StatReloader
INFO     [2021-09-25 08:46:16,254] django.server: "GET /admin/ HTTP/1.1" 200 7958
INFO     [2021-09-25 08:46:16,254] django.server: "GET /admin/ HTTP/1.1" 200 7958
INFO     [2021-09-25 08:46:54,153] django.server: "GET /admin/store/product/1/change/ HTTP/1.1" 200 11782
INFO     [2021-09-25 08:46:54,153] django.server: "GET /admin/store/product/1/change/ HTTP/1.1" 200 11782
INFO     [2021-09-25 08:46:54,175] django.server: "GET /admin/jsi18n/ HTTP/1.1" 200 3195
INFO     [2021-09-25 08:46:54,175] django.server: "GET /admin/jsi18n/ HTTP/1.1" 200 3195
INFO     [2021-09-25 08:47:03,721] django.server: "GET /admin/store/ HTTP/1.1" 200 3353
INFO     [2021-09-25 08:47:03,721] django.server: "GET /admin/store/ HTTP/1.1" 200 3353
INFO     [2021-09-25 08:47:07,856] django.server: "GET /store/ HTTP/1.1" 200 5393
INFO     [2021-09-25 08:47:07,856] django.server: "GET /store/ HTTP/1.1" 200 5393
INFO     [2021-09-25 08:47:26,023] django.server: "GET /admin/ HTTP/1.1" 200 7958
INFO     [2021-09-25 08:47:26,023] django.server: "GET /admin/ HTTP/1.1" 200 7958
INFO     [2021-09-25 08:47:26,553] django.server: "GET /admin/ HTTP/1.1" 200 7958
INFO     [2021-09-25 08:47:26,553] django.server: "GET /admin/ HTTP/1.1" 200 7958
INFO     [2021-09-25 08:47:34,904] django.server: "GET /admin/store/product/add/ HTTP/1.1" 200 11313
INFO     [2021-09-25 08:47:34,904] django.server: "GET /admin/store/product/add/ HTTP/1.1" 200 11313
INFO     [2021-09-25 08:47:34,922] django.server: "GET /admin/jsi18n/ HTTP/1.1" 200 3195
INFO     [2021-09-25 08:47:34,922] django.server: "GET /admin/jsi18n/ HTTP/1.1" 200 3195
INFO     [2021-09-25 08:48:00,464] django.server: "POST /admin/store/product/add/ HTTP/1.1" 302 0
INFO     [2021-09-25 08:48:00,464] django.server: "POST /admin/store/product/add/ HTTP/1.1" 302 0
INFO     [2021-09-25 08:48:00,498] django.server: "GET /admin/store/product/ HTTP/1.1" 200 9923
INFO     [2021-09-25 08:48:00,498] django.server: "GET /admin/store/product/ HTTP/1.1" 200 9923
INFO     [2021-09-25 08:48:00,586] django.server: "GET /admin/jsi18n/ HTTP/1.1" 200 3195
INFO     [2021-09-25 08:48:00,586] django.server: "GET /admin/jsi18n/ HTTP/1.1" 200 3195
INFO     [2021-09-25 08:48:14,834] django.server: "GET /store/ HTTP/1.1" 200 6002
INFO     [2021-09-25 08:48:14,834] django.server: "GET /store/ HTTP/1.1" 200 6002
INFO     [2021-09-25 08:51:28,270] django.utils.autoreload: /home/aditya/projects/eshop/E-Shop/e_shop/settings.py changed, reloading.
INFO     [2021-09-25 08:51:28,270] django.utils.autoreload: /home/aditya/projects/eshop/E-Shop/e_shop/settings.py changed, reloading.
INFO     [2021-09-25 08:51:29,262] django.utils.autoreload: Watching for file changes with StatReloader
INFO     [2021-09-25 08:51:29,262] django.utils.autoreload: Watching for file changes with StatReloader
INFO     [2021-09-25 08:52:22,366] django.utils.autoreload: Watching for file changes with StatReloader
INFO     [2021-09-25 08:52:22,366] django.utils.autoreload: Watching for file changes with StatReloader
INFO     [2021-09-25 09:07:09,555] django.utils.autoreload: /home/aditya/projects/eshop/E-Shop/e_shop/urls.py changed, reloading.
INFO     [2021-09-25 09:07:09,555] django.utils.autoreload: /home/aditya/projects/eshop/E-Shop/e_shop/urls.py changed, reloading.
INFO     [2021-09-25 09:07:10,429] django.utils.autoreload: Watching for file changes with StatReloader
INFO     [2021-09-25 09:07:10,429] django.utils.autoreload: Watching for file changes with StatReloader
INFO     [2021-09-25 09:07:15,535] django.server: "GET /store/ HTTP/1.1" 200 6002
INFO     [2021-09-25 09:07:15,535] django.server: "GET /store/ HTTP/1.1" 200 6002
INFO     [2021-09-25 10:23:37,014] django.utils.autoreload: Watching for file changes with StatReloader
INFO     [2021-09-25 10:23:37,014] django.utils.autoreload: Watching for file changes with StatReloader
ERROR    [2021-09-25 10:23:44,108] django.request: Internal Server Error: /store/
Traceback (most recent call last):
  File "/home/aditya/projects/eshop/env9/lib/python3.9/site-packages/django/template/base.py", line 470, in parse
    compile_func = self.tags[command]
KeyError: 'static'

During handling of the above exception, another exception occurred:

Traceback (most recent call last):
  File "/home/aditya/projects/eshop/env9/lib/python3.9/site-packages/django/core/handlers/exception.py", line 47, in inner
    response = get_response(request)
  File "/home/aditya/projects/eshop/env9/lib/python3.9/site-packages/django/core/handlers/base.py", line 181, in _get_response
    response = wrapped_callback(request, *callback_args, **callback_kwargs)
  File "/home/aditya/projects/eshop/E-Shop/store/views.py", line 28, in index
    return render(
  File "/home/aditya/projects/eshop/env9/lib/python3.9/site-packages/django/shortcuts.py", line 19, in render
    content = loader.render_to_string(template_name, context, request, using=using)
  File "/home/aditya/projects/eshop/env9/lib/python3.9/site-packages/django/template/loader.py", line 61, in render_to_string
    template = get_template(template_name, using=using)
  File "/home/aditya/projects/eshop/env9/lib/python3.9/site-packages/django/template/loader.py", line 15, in get_template
    return engine.get_template(template_name)
  File "/home/aditya/projects/eshop/env9/lib/python3.9/site-packages/django/template/backends/django.py", line 34, in get_template
    return Template(self.engine.get_template(template_name), self)
  File "/home/aditya/projects/eshop/env9/lib/python3.9/site-packages/django/template/engine.py", line 143, in get_template
    template, origin = self.find_template(template_name)
  File "/home/aditya/projects/eshop/env9/lib/python3.9/site-packages/django/template/engine.py", line 125, in find_template
    template = loader.get_template(name, skip=skip)
  File "/home/aditya/projects/eshop/env9/lib/python3.9/site-packages/django/template/loaders/base.py", line 29, in get_template
    return Template(
  File "/home/aditya/projects/eshop/env9/lib/python3.9/site-packages/django/template/base.py", line 155, in __init__
    self.nodelist = self.compile_nodelist()
  File "/home/aditya/projects/eshop/env9/lib/python3.9/site-packages/django/template/base.py", line 193, in compile_nodelist
    return parser.parse()
  File "/home/aditya/projects/eshop/env9/lib/python3.9/site-packages/django/template/base.py", line 478, in parse
    raise self.error(token, e)
  File "/home/aditya/projects/eshop/env9/lib/python3.9/site-packages/django/template/base.py", line 476, in parse
    compiled_result = compile_func(self, token)
  File "/home/aditya/projects/eshop/env9/lib/python3.9/site-packages/django/template/loader_tags.py", line 278, in do_extends
    nodelist = parser.parse()
  File "/home/aditya/projects/eshop/env9/lib/python3.9/site-packages/django/template/base.py", line 478, in parse
    raise self.error(token, e)
  File "/home/aditya/projects/eshop/env9/lib/python3.9/site-packages/django/template/base.py", line 476, in parse
    compiled_result = compile_func(self, token)
  File "/home/aditya/projects/eshop/env9/lib/python3.9/site-packages/django/template/loader_tags.py", line 216, in do_block
    nodelist = parser.parse(('endblock',))
  File "/home/aditya/projects/eshop/env9/lib/python3.9/site-packages/django/template/base.py", line 478, in parse
    raise self.error(token, e)
  File "/home/aditya/projects/eshop/env9/lib/python3.9/site-packages/django/template/base.py", line 476, in parse
    compiled_result = compile_func(self, token)
  File "/home/aditya/projects/eshop/env9/lib/python3.9/site-packages/django/template/defaulttags.py", line 814, in do_for
    nodelist_loop = parser.parse(('empty', 'endfor',))
  File "/home/aditya/projects/eshop/env9/lib/python3.9/site-packages/django/template/base.py", line 478, in parse
    raise self.error(token, e)
  File "/home/aditya/projects/eshop/env9/lib/python3.9/site-packages/django/template/base.py", line 476, in parse
    compiled_result = compile_func(self, token)
  File "/home/aditya/projects/eshop/env9/lib/python3.9/site-packages/django/template/defaulttags.py", line 965, in do_if
    nodelist = parser.parse(('elif', 'else', 'endif'))
  File "/home/aditya/projects/eshop/env9/lib/python3.9/site-packages/django/template/base.py", line 472, in parse
    self.invalid_block_tag(token, command, parse_until)
  File "/home/aditya/projects/eshop/env9/lib/python3.9/site-packages/django/template/base.py", line 522, in invalid_block_tag
    raise self.error(
django.template.exceptions.TemplateSyntaxError: Invalid block tag on line 26: 'static', expected 'elif', 'else' or 'endif'. Did you forget to register or load this tag?
ERROR    [2021-09-25 10:23:44,108] django.request: Internal Server Error: /store/
Traceback (most recent call last):
  File "/home/aditya/projects/eshop/env9/lib/python3.9/site-packages/django/template/base.py", line 470, in parse
    compile_func = self.tags[command]
KeyError: 'static'

During handling of the above exception, another exception occurred:

Traceback (most recent call last):
  File "/home/aditya/projects/eshop/env9/lib/python3.9/site-packages/django/core/handlers/exception.py", line 47, in inner
    response = get_response(request)
  File "/home/aditya/projects/eshop/env9/lib/python3.9/site-packages/django/core/handlers/base.py", line 181, in _get_response
    response = wrapped_callback(request, *callback_args, **callback_kwargs)
  File "/home/aditya/projects/eshop/E-Shop/store/views.py", line 28, in index
    return render(
  File "/home/aditya/projects/eshop/env9/lib/python3.9/site-packages/django/shortcuts.py", line 19, in render
    content = loader.render_to_string(template_name, context, request, using=using)
  File "/home/aditya/projects/eshop/env9/lib/python3.9/site-packages/django/template/loader.py", line 61, in render_to_string
    template = get_template(template_name, using=using)
  File "/home/aditya/projects/eshop/env9/lib/python3.9/site-packages/django/template/loader.py", line 15, in get_template
    return engine.get_template(template_name)
  File "/home/aditya/projects/eshop/env9/lib/python3.9/site-packages/django/template/backends/django.py", line 34, in get_template
    return Template(self.engine.get_template(template_name), self)
  File "/home/aditya/projects/eshop/env9/lib/python3.9/site-packages/django/template/engine.py", line 143, in get_template
    template, origin = self.find_template(template_name)
  File "/home/aditya/projects/eshop/env9/lib/python3.9/site-packages/django/template/engine.py", line 125, in find_template
    template = loader.get_template(name, skip=skip)
  File "/home/aditya/projects/eshop/env9/lib/python3.9/site-packages/django/template/loaders/base.py", line 29, in get_template
    return Template(
  File "/home/aditya/projects/eshop/env9/lib/python3.9/site-packages/django/template/base.py", line 155, in __init__
    self.nodelist = self.compile_nodelist()
  File "/home/aditya/projects/eshop/env9/lib/python3.9/site-packages/django/template/base.py", line 193, in compile_nodelist
    return parser.parse()
  File "/home/aditya/projects/eshop/env9/lib/python3.9/site-packages/django/template/base.py", line 478, in parse
    raise self.error(token, e)
  File "/home/aditya/projects/eshop/env9/lib/python3.9/site-packages/django/template/base.py", line 476, in parse
    compiled_result = compile_func(self, token)
  File "/home/aditya/projects/eshop/env9/lib/python3.9/site-packages/django/template/loader_tags.py", line 278, in do_extends
    nodelist = parser.parse()
  File "/home/aditya/projects/eshop/env9/lib/python3.9/site-packages/django/template/base.py", line 478, in parse
    raise self.error(token, e)
  File "/home/aditya/projects/eshop/env9/lib/python3.9/site-packages/django/template/base.py", line 476, in parse
    compiled_result = compile_func(self, token)
  File "/home/aditya/projects/eshop/env9/lib/python3.9/site-packages/django/template/loader_tags.py", line 216, in do_block
    nodelist = parser.parse(('endblock',))
  File "/home/aditya/projects/eshop/env9/lib/python3.9/site-packages/django/template/base.py", line 478, in parse
    raise self.error(token, e)
  File "/home/aditya/projects/eshop/env9/lib/python3.9/site-packages/django/template/base.py", line 476, in parse
    compiled_result = compile_func(self, token)
  File "/home/aditya/projects/eshop/env9/lib/python3.9/site-packages/django/template/defaulttags.py", line 814, in do_for
    nodelist_loop = parser.parse(('empty', 'endfor',))
  File "/home/aditya/projects/eshop/env9/lib/python3.9/site-packages/django/template/base.py", line 478, in parse
    raise self.error(token, e)
  File "/home/aditya/projects/eshop/env9/lib/python3.9/site-packages/django/template/base.py", line 476, in parse
    compiled_result = compile_func(self, token)
  File "/home/aditya/projects/eshop/env9/lib/python3.9/site-packages/django/template/defaulttags.py", line 965, in do_if
    nodelist = parser.parse(('elif', 'else', 'endif'))
  File "/home/aditya/projects/eshop/env9/lib/python3.9/site-packages/django/template/base.py", line 472, in parse
    self.invalid_block_tag(token, command, parse_until)
  File "/home/aditya/projects/eshop/env9/lib/python3.9/site-packages/django/template/base.py", line 522, in invalid_block_tag
    raise self.error(
django.template.exceptions.TemplateSyntaxError: Invalid block tag on line 26: 'static', expected 'elif', 'else' or 'endif'. Did you forget to register or load this tag?
ERROR    [2021-09-25 10:23:44,109] django.server: "GET /store/ HTTP/1.1" 500 198237
ERROR    [2021-09-25 10:23:44,109] django.server: "GET /store/ HTTP/1.1" 500 198237
INFO     [2021-09-25 10:25:44,983] django.utils.autoreload: Watching for file changes with StatReloader
INFO     [2021-09-25 10:25:44,983] django.utils.autoreload: Watching for file changes with StatReloader
ERROR    [2021-09-25 10:25:53,740] django.request: Internal Server Error: /store/
Traceback (most recent call last):
  File "/home/aditya/projects/eshop/env9/lib/python3.9/site-packages/django/template/base.py", line 470, in parse
    compile_func = self.tags[command]
KeyError: 'static'

During handling of the above exception, another exception occurred:

Traceback (most recent call last):
  File "/home/aditya/projects/eshop/env9/lib/python3.9/site-packages/django/core/handlers/exception.py", line 47, in inner
    response = get_response(request)
  File "/home/aditya/projects/eshop/env9/lib/python3.9/site-packages/django/core/handlers/base.py", line 181, in _get_response
    response = wrapped_callback(request, *callback_args, **callback_kwargs)
  File "/home/aditya/projects/eshop/E-Shop/store/views.py", line 28, in index
    return render(
  File "/home/aditya/projects/eshop/env9/lib/python3.9/site-packages/django/shortcuts.py", line 19, in render
    content = loader.render_to_string(template_name, context, request, using=using)
  File "/home/aditya/projects/eshop/env9/lib/python3.9/site-packages/django/template/loader.py", line 61, in render_to_string
    template = get_template(template_name, using=using)
  File "/home/aditya/projects/eshop/env9/lib/python3.9/site-packages/django/template/loader.py", line 15, in get_template
    return engine.get_template(template_name)
  File "/home/aditya/projects/eshop/env9/lib/python3.9/site-packages/django/template/backends/django.py", line 34, in get_template
    return Template(self.engine.get_template(template_name), self)
  File "/home/aditya/projects/eshop/env9/lib/python3.9/site-packages/django/template/engine.py", line 143, in get_template
    template, origin = self.find_template(template_name)
  File "/home/aditya/projects/eshop/env9/lib/python3.9/site-packages/django/template/engine.py", line 125, in find_template
    template = loader.get_template(name, skip=skip)
  File "/home/aditya/projects/eshop/env9/lib/python3.9/site-packages/django/template/loaders/base.py", line 29, in get_template
    return Template(
  File "/home/aditya/projects/eshop/env9/lib/python3.9/site-packages/django/template/base.py", line 155, in __init__
    self.nodelist = self.compile_nodelist()
  File "/home/aditya/projects/eshop/env9/lib/python3.9/site-packages/django/template/base.py", line 193, in compile_nodelist
    return parser.parse()
  File "/home/aditya/projects/eshop/env9/lib/python3.9/site-packages/django/template/base.py", line 478, in parse
    raise self.error(token, e)
  File "/home/aditya/projects/eshop/env9/lib/python3.9/site-packages/django/template/base.py", line 476, in parse
    compiled_result = compile_func(self, token)
  File "/home/aditya/projects/eshop/env9/lib/python3.9/site-packages/django/template/loader_tags.py", line 278, in do_extends
    nodelist = parser.parse()
  File "/home/aditya/projects/eshop/env9/lib/python3.9/site-packages/django/template/base.py", line 478, in parse
    raise self.error(token, e)
  File "/home/aditya/projects/eshop/env9/lib/python3.9/site-packages/django/template/base.py", line 476, in parse
    compiled_result = compile_func(self, token)
  File "/home/aditya/projects/eshop/env9/lib/python3.9/site-packages/django/template/loader_tags.py", line 216, in do_block
    nodelist = parser.parse(('endblock',))
  File "/home/aditya/projects/eshop/env9/lib/python3.9/site-packages/django/template/base.py", line 478, in parse
    raise self.error(token, e)
  File "/home/aditya/projects/eshop/env9/lib/python3.9/site-packages/django/template/base.py", line 476, in parse
    compiled_result = compile_func(self, token)
  File "/home/aditya/projects/eshop/env9/lib/python3.9/site-packages/django/template/defaulttags.py", line 814, in do_for
    nodelist_loop = parser.parse(('empty', 'endfor',))
  File "/home/aditya/projects/eshop/env9/lib/python3.9/site-packages/django/template/base.py", line 478, in parse
    raise self.error(token, e)
  File "/home/aditya/projects/eshop/env9/lib/python3.9/site-packages/django/template/base.py", line 476, in parse
    compiled_result = compile_func(self, token)
  File "/home/aditya/projects/eshop/env9/lib/python3.9/site-packages/django/template/defaulttags.py", line 965, in do_if
    nodelist = parser.parse(('elif', 'else', 'endif'))
  File "/home/aditya/projects/eshop/env9/lib/python3.9/site-packages/django/template/base.py", line 472, in parse
    self.invalid_block_tag(token, command, parse_until)
  File "/home/aditya/projects/eshop/env9/lib/python3.9/site-packages/django/template/base.py", line 522, in invalid_block_tag
    raise self.error(
django.template.exceptions.TemplateSyntaxError: Invalid block tag on line 26: 'static', expected 'elif', 'else' or 'endif'. Did you forget to register or load this tag?
ERROR    [2021-09-25 10:25:53,740] django.request: Internal Server Error: /store/
Traceback (most recent call last):
  File "/home/aditya/projects/eshop/env9/lib/python3.9/site-packages/django/template/base.py", line 470, in parse
    compile_func = self.tags[command]
KeyError: 'static'

During handling of the above exception, another exception occurred:

Traceback (most recent call last):
  File "/home/aditya/projects/eshop/env9/lib/python3.9/site-packages/django/core/handlers/exception.py", line 47, in inner
    response = get_response(request)
  File "/home/aditya/projects/eshop/env9/lib/python3.9/site-packages/django/core/handlers/base.py", line 181, in _get_response
    response = wrapped_callback(request, *callback_args, **callback_kwargs)
  File "/home/aditya/projects/eshop/E-Shop/store/views.py", line 28, in index
    return render(
  File "/home/aditya/projects/eshop/env9/lib/python3.9/site-packages/django/shortcuts.py", line 19, in render
    content = loader.render_to_string(template_name, context, request, using=using)
  File "/home/aditya/projects/eshop/env9/lib/python3.9/site-packages/django/template/loader.py", line 61, in render_to_string
    template = get_template(template_name, using=using)
  File "/home/aditya/projects/eshop/env9/lib/python3.9/site-packages/django/template/loader.py", line 15, in get_template
    return engine.get_template(template_name)
  File "/home/aditya/projects/eshop/env9/lib/python3.9/site-packages/django/template/backends/django.py", line 34, in get_template
    return Template(self.engine.get_template(template_name), self)
  File "/home/aditya/projects/eshop/env9/lib/python3.9/site-packages/django/template/engine.py", line 143, in get_template
    template, origin = self.find_template(template_name)
  File "/home/aditya/projects/eshop/env9/lib/python3.9/site-packages/django/template/engine.py", line 125, in find_template
    template = loader.get_template(name, skip=skip)
  File "/home/aditya/projects/eshop/env9/lib/python3.9/site-packages/django/template/loaders/base.py", line 29, in get_template
    return Template(
  File "/home/aditya/projects/eshop/env9/lib/python3.9/site-packages/django/template/base.py", line 155, in __init__
    self.nodelist = self.compile_nodelist()
  File "/home/aditya/projects/eshop/env9/lib/python3.9/site-packages/django/template/base.py", line 193, in compile_nodelist
    return parser.parse()
  File "/home/aditya/projects/eshop/env9/lib/python3.9/site-packages/django/template/base.py", line 478, in parse
    raise self.error(token, e)
  File "/home/aditya/projects/eshop/env9/lib/python3.9/site-packages/django/template/base.py", line 476, in parse
    compiled_result = compile_func(self, token)
  File "/home/aditya/projects/eshop/env9/lib/python3.9/site-packages/django/template/loader_tags.py", line 278, in do_extends
    nodelist = parser.parse()
  File "/home/aditya/projects/eshop/env9/lib/python3.9/site-packages/django/template/base.py", line 478, in parse
    raise self.error(token, e)
  File "/home/aditya/projects/eshop/env9/lib/python3.9/site-packages/django/template/base.py", line 476, in parse
    compiled_result = compile_func(self, token)
  File "/home/aditya/projects/eshop/env9/lib/python3.9/site-packages/django/template/loader_tags.py", line 216, in do_block
    nodelist = parser.parse(('endblock',))
  File "/home/aditya/projects/eshop/env9/lib/python3.9/site-packages/django/template/base.py", line 478, in parse
    raise self.error(token, e)
  File "/home/aditya/projects/eshop/env9/lib/python3.9/site-packages/django/template/base.py", line 476, in parse
    compiled_result = compile_func(self, token)
  File "/home/aditya/projects/eshop/env9/lib/python3.9/site-packages/django/template/defaulttags.py", line 814, in do_for
    nodelist_loop = parser.parse(('empty', 'endfor',))
  File "/home/aditya/projects/eshop/env9/lib/python3.9/site-packages/django/template/base.py", line 478, in parse
    raise self.error(token, e)
  File "/home/aditya/projects/eshop/env9/lib/python3.9/site-packages/django/template/base.py", line 476, in parse
    compiled_result = compile_func(self, token)
  File "/home/aditya/projects/eshop/env9/lib/python3.9/site-packages/django/template/defaulttags.py", line 965, in do_if
    nodelist = parser.parse(('elif', 'else', 'endif'))
  File "/home/aditya/projects/eshop/env9/lib/python3.9/site-packages/django/template/base.py", line 472, in parse
    self.invalid_block_tag(token, command, parse_until)
  File "/home/aditya/projects/eshop/env9/lib/python3.9/site-packages/django/template/base.py", line 522, in invalid_block_tag
    raise self.error(
django.template.exceptions.TemplateSyntaxError: Invalid block tag on line 26: 'static', expected 'elif', 'else' or 'endif'. Did you forget to register or load this tag?
ERROR    [2021-09-25 10:25:53,741] django.server: "GET /store/ HTTP/1.1" 500 198004
ERROR    [2021-09-25 10:25:53,741] django.server: "GET /store/ HTTP/1.1" 500 198004
ERROR    [2021-09-25 10:25:54,813] django.request: Internal Server Error: /store/
Traceback (most recent call last):
  File "/home/aditya/projects/eshop/env9/lib/python3.9/site-packages/django/template/base.py", line 470, in parse
    compile_func = self.tags[command]
KeyError: 'static'

During handling of the above exception, another exception occurred:

Traceback (most recent call last):
  File "/home/aditya/projects/eshop/env9/lib/python3.9/site-packages/django/core/handlers/exception.py", line 47, in inner
    response = get_response(request)
  File "/home/aditya/projects/eshop/env9/lib/python3.9/site-packages/django/core/handlers/base.py", line 181, in _get_response
    response = wrapped_callback(request, *callback_args, **callback_kwargs)
  File "/home/aditya/projects/eshop/E-Shop/store/views.py", line 28, in index
    return render(
  File "/home/aditya/projects/eshop/env9/lib/python3.9/site-packages/django/shortcuts.py", line 19, in render
    content = loader.render_to_string(template_name, context, request, using=using)
  File "/home/aditya/projects/eshop/env9/lib/python3.9/site-packages/django/template/loader.py", line 61, in render_to_string
    template = get_template(template_name, using=using)
  File "/home/aditya/projects/eshop/env9/lib/python3.9/site-packages/django/template/loader.py", line 15, in get_template
    return engine.get_template(template_name)
  File "/home/aditya/projects/eshop/env9/lib/python3.9/site-packages/django/template/backends/django.py", line 34, in get_template
    return Template(self.engine.get_template(template_name), self)
  File "/home/aditya/projects/eshop/env9/lib/python3.9/site-packages/django/template/engine.py", line 143, in get_template
    template, origin = self.find_template(template_name)
  File "/home/aditya/projects/eshop/env9/lib/python3.9/site-packages/django/template/engine.py", line 125, in find_template
    template = loader.get_template(name, skip=skip)
  File "/home/aditya/projects/eshop/env9/lib/python3.9/site-packages/django/template/loaders/base.py", line 29, in get_template
    return Template(
  File "/home/aditya/projects/eshop/env9/lib/python3.9/site-packages/django/template/base.py", line 155, in __init__
    self.nodelist = self.compile_nodelist()
  File "/home/aditya/projects/eshop/env9/lib/python3.9/site-packages/django/template/base.py", line 193, in compile_nodelist
    return parser.parse()
  File "/home/aditya/projects/eshop/env9/lib/python3.9/site-packages/django/template/base.py", line 478, in parse
    raise self.error(token, e)
  File "/home/aditya/projects/eshop/env9/lib/python3.9/site-packages/django/template/base.py", line 476, in parse
    compiled_result = compile_func(self, token)
  File "/home/aditya/projects/eshop/env9/lib/python3.9/site-packages/django/template/loader_tags.py", line 278, in do_extends
    nodelist = parser.parse()
  File "/home/aditya/projects/eshop/env9/lib/python3.9/site-packages/django/template/base.py", line 478, in parse
    raise self.error(token, e)
  File "/home/aditya/projects/eshop/env9/lib/python3.9/site-packages/django/template/base.py", line 476, in parse
    compiled_result = compile_func(self, token)
  File "/home/aditya/projects/eshop/env9/lib/python3.9/site-packages/django/template/loader_tags.py", line 216, in do_block
    nodelist = parser.parse(('endblock',))
  File "/home/aditya/projects/eshop/env9/lib/python3.9/site-packages/django/template/base.py", line 478, in parse
    raise self.error(token, e)
  File "/home/aditya/projects/eshop/env9/lib/python3.9/site-packages/django/template/base.py", line 476, in parse
    compiled_result = compile_func(self, token)
  File "/home/aditya/projects/eshop/env9/lib/python3.9/site-packages/django/template/defaulttags.py", line 814, in do_for
    nodelist_loop = parser.parse(('empty', 'endfor',))
  File "/home/aditya/projects/eshop/env9/lib/python3.9/site-packages/django/template/base.py", line 478, in parse
    raise self.error(token, e)
  File "/home/aditya/projects/eshop/env9/lib/python3.9/site-packages/django/template/base.py", line 476, in parse
    compiled_result = compile_func(self, token)
  File "/home/aditya/projects/eshop/env9/lib/python3.9/site-packages/django/template/defaulttags.py", line 965, in do_if
    nodelist = parser.parse(('elif', 'else', 'endif'))
  File "/home/aditya/projects/eshop/env9/lib/python3.9/site-packages/django/template/base.py", line 472, in parse
    self.invalid_block_tag(token, command, parse_until)
  File "/home/aditya/projects/eshop/env9/lib/python3.9/site-packages/django/template/base.py", line 522, in invalid_block_tag
    raise self.error(
django.template.exceptions.TemplateSyntaxError: Invalid block tag on line 26: 'static', expected 'elif', 'else' or 'endif'. Did you forget to register or load this tag?
ERROR    [2021-09-25 10:25:54,813] django.request: Internal Server Error: /store/
Traceback (most recent call last):
  File "/home/aditya/projects/eshop/env9/lib/python3.9/site-packages/django/template/base.py", line 470, in parse
    compile_func = self.tags[command]
KeyError: 'static'

During handling of the above exception, another exception occurred:

Traceback (most recent call last):
  File "/home/aditya/projects/eshop/env9/lib/python3.9/site-packages/django/core/handlers/exception.py", line 47, in inner
    response = get_response(request)
  File "/home/aditya/projects/eshop/env9/lib/python3.9/site-packages/django/core/handlers/base.py", line 181, in _get_response
    response = wrapped_callback(request, *callback_args, **callback_kwargs)
  File "/home/aditya/projects/eshop/E-Shop/store/views.py", line 28, in index
    return render(
  File "/home/aditya/projects/eshop/env9/lib/python3.9/site-packages/django/shortcuts.py", line 19, in render
    content = loader.render_to_string(template_name, context, request, using=using)
  File "/home/aditya/projects/eshop/env9/lib/python3.9/site-packages/django/template/loader.py", line 61, in render_to_string
    template = get_template(template_name, using=using)
  File "/home/aditya/projects/eshop/env9/lib/python3.9/site-packages/django/template/loader.py", line 15, in get_template
    return engine.get_template(template_name)
  File "/home/aditya/projects/eshop/env9/lib/python3.9/site-packages/django/template/backends/django.py", line 34, in get_template
    return Template(self.engine.get_template(template_name), self)
  File "/home/aditya/projects/eshop/env9/lib/python3.9/site-packages/django/template/engine.py", line 143, in get_template
    template, origin = self.find_template(template_name)
  File "/home/aditya/projects/eshop/env9/lib/python3.9/site-packages/django/template/engine.py", line 125, in find_template
    template = loader.get_template(name, skip=skip)
  File "/home/aditya/projects/eshop/env9/lib/python3.9/site-packages/django/template/loaders/base.py", line 29, in get_template
    return Template(
  File "/home/aditya/projects/eshop/env9/lib/python3.9/site-packages/django/template/base.py", line 155, in __init__
    self.nodelist = self.compile_nodelist()
  File "/home/aditya/projects/eshop/env9/lib/python3.9/site-packages/django/template/base.py", line 193, in compile_nodelist
    return parser.parse()
  File "/home/aditya/projects/eshop/env9/lib/python3.9/site-packages/django/template/base.py", line 478, in parse
    raise self.error(token, e)
  File "/home/aditya/projects/eshop/env9/lib/python3.9/site-packages/django/template/base.py", line 476, in parse
    compiled_result = compile_func(self, token)
  File "/home/aditya/projects/eshop/env9/lib/python3.9/site-packages/django/template/loader_tags.py", line 278, in do_extends
    nodelist = parser.parse()
  File "/home/aditya/projects/eshop/env9/lib/python3.9/site-packages/django/template/base.py", line 478, in parse
    raise self.error(token, e)
  File "/home/aditya/projects/eshop/env9/lib/python3.9/site-packages/django/template/base.py", line 476, in parse
    compiled_result = compile_func(self, token)
  File "/home/aditya/projects/eshop/env9/lib/python3.9/site-packages/django/template/loader_tags.py", line 216, in do_block
    nodelist = parser.parse(('endblock',))
  File "/home/aditya/projects/eshop/env9/lib/python3.9/site-packages/django/template/base.py", line 478, in parse
    raise self.error(token, e)
  File "/home/aditya/projects/eshop/env9/lib/python3.9/site-packages/django/template/base.py", line 476, in parse
    compiled_result = compile_func(self, token)
  File "/home/aditya/projects/eshop/env9/lib/python3.9/site-packages/django/template/defaulttags.py", line 814, in do_for
    nodelist_loop = parser.parse(('empty', 'endfor',))
  File "/home/aditya/projects/eshop/env9/lib/python3.9/site-packages/django/template/base.py", line 478, in parse
    raise self.error(token, e)
  File "/home/aditya/projects/eshop/env9/lib/python3.9/site-packages/django/template/base.py", line 476, in parse
    compiled_result = compile_func(self, token)
  File "/home/aditya/projects/eshop/env9/lib/python3.9/site-packages/django/template/defaulttags.py", line 965, in do_if
    nodelist = parser.parse(('elif', 'else', 'endif'))
  File "/home/aditya/projects/eshop/env9/lib/python3.9/site-packages/django/template/base.py", line 472, in parse
    self.invalid_block_tag(token, command, parse_until)
  File "/home/aditya/projects/eshop/env9/lib/python3.9/site-packages/django/template/base.py", line 522, in invalid_block_tag
    raise self.error(
django.template.exceptions.TemplateSyntaxError: Invalid block tag on line 26: 'static', expected 'elif', 'else' or 'endif'. Did you forget to register or load this tag?
ERROR    [2021-09-25 10:25:54,814] django.server: "GET /store/ HTTP/1.1" 500 198004
ERROR    [2021-09-25 10:25:54,814] django.server: "GET /store/ HTTP/1.1" 500 198004
ERROR    [2021-09-25 10:25:54,958] django.request: Internal Server Error: /store/
Traceback (most recent call last):
  File "/home/aditya/projects/eshop/env9/lib/python3.9/site-packages/django/template/base.py", line 470, in parse
    compile_func = self.tags[command]
KeyError: 'static'

During handling of the above exception, another exception occurred:

Traceback (most recent call last):
  File "/home/aditya/projects/eshop/env9/lib/python3.9/site-packages/django/core/handlers/exception.py", line 47, in inner
    response = get_response(request)
  File "/home/aditya/projects/eshop/env9/lib/python3.9/site-packages/django/core/handlers/base.py", line 181, in _get_response
    response = wrapped_callback(request, *callback_args, **callback_kwargs)
  File "/home/aditya/projects/eshop/E-Shop/store/views.py", line 28, in index
    return render(
  File "/home/aditya/projects/eshop/env9/lib/python3.9/site-packages/django/shortcuts.py", line 19, in render
    content = loader.render_to_string(template_name, context, request, using=using)
  File "/home/aditya/projects/eshop/env9/lib/python3.9/site-packages/django/template/loader.py", line 61, in render_to_string
    template = get_template(template_name, using=using)
  File "/home/aditya/projects/eshop/env9/lib/python3.9/site-packages/django/template/loader.py", line 15, in get_template
    return engine.get_template(template_name)
  File "/home/aditya/projects/eshop/env9/lib/python3.9/site-packages/django/template/backends/django.py", line 34, in get_template
    return Template(self.engine.get_template(template_name), self)
  File "/home/aditya/projects/eshop/env9/lib/python3.9/site-packages/django/template/engine.py", line 143, in get_template
    template, origin = self.find_template(template_name)
  File "/home/aditya/projects/eshop/env9/lib/python3.9/site-packages/django/template/engine.py", line 125, in find_template
    template = loader.get_template(name, skip=skip)
  File "/home/aditya/projects/eshop/env9/lib/python3.9/site-packages/django/template/loaders/base.py", line 29, in get_template
    return Template(
  File "/home/aditya/projects/eshop/env9/lib/python3.9/site-packages/django/template/base.py", line 155, in __init__
    self.nodelist = self.compile_nodelist()
  File "/home/aditya/projects/eshop/env9/lib/python3.9/site-packages/django/template/base.py", line 193, in compile_nodelist
    return parser.parse()
  File "/home/aditya/projects/eshop/env9/lib/python3.9/site-packages/django/template/base.py", line 478, in parse
    raise self.error(token, e)
  File "/home/aditya/projects/eshop/env9/lib/python3.9/site-packages/django/template/base.py", line 476, in parse
    compiled_result = compile_func(self, token)
  File "/home/aditya/projects/eshop/env9/lib/python3.9/site-packages/django/template/loader_tags.py", line 278, in do_extends
    nodelist = parser.parse()
  File "/home/aditya/projects/eshop/env9/lib/python3.9/site-packages/django/template/base.py", line 478, in parse
    raise self.error(token, e)
  File "/home/aditya/projects/eshop/env9/lib/python3.9/site-packages/django/template/base.py", line 476, in parse
    compiled_result = compile_func(self, token)
  File "/home/aditya/projects/eshop/env9/lib/python3.9/site-packages/django/template/loader_tags.py", line 216, in do_block
    nodelist = parser.parse(('endblock',))
  File "/home/aditya/projects/eshop/env9/lib/python3.9/site-packages/django/template/base.py", line 478, in parse
    raise self.error(token, e)
  File "/home/aditya/projects/eshop/env9/lib/python3.9/site-packages/django/template/base.py", line 476, in parse
    compiled_result = compile_func(self, token)
  File "/home/aditya/projects/eshop/env9/lib/python3.9/site-packages/django/template/defaulttags.py", line 814, in do_for
    nodelist_loop = parser.parse(('empty', 'endfor',))
  File "/home/aditya/projects/eshop/env9/lib/python3.9/site-packages/django/template/base.py", line 478, in parse
    raise self.error(token, e)
  File "/home/aditya/projects/eshop/env9/lib/python3.9/site-packages/django/template/base.py", line 476, in parse
    compiled_result = compile_func(self, token)
  File "/home/aditya/projects/eshop/env9/lib/python3.9/site-packages/django/template/defaulttags.py", line 965, in do_if
    nodelist = parser.parse(('elif', 'else', 'endif'))
  File "/home/aditya/projects/eshop/env9/lib/python3.9/site-packages/django/template/base.py", line 472, in parse
    self.invalid_block_tag(token, command, parse_until)
  File "/home/aditya/projects/eshop/env9/lib/python3.9/site-packages/django/template/base.py", line 522, in invalid_block_tag
    raise self.error(
django.template.exceptions.TemplateSyntaxError: Invalid block tag on line 26: 'static', expected 'elif', 'else' or 'endif'. Did you forget to register or load this tag?
ERROR    [2021-09-25 10:25:54,958] django.request: Internal Server Error: /store/
Traceback (most recent call last):
  File "/home/aditya/projects/eshop/env9/lib/python3.9/site-packages/django/template/base.py", line 470, in parse
    compile_func = self.tags[command]
KeyError: 'static'

During handling of the above exception, another exception occurred:

Traceback (most recent call last):
  File "/home/aditya/projects/eshop/env9/lib/python3.9/site-packages/django/core/handlers/exception.py", line 47, in inner
    response = get_response(request)
  File "/home/aditya/projects/eshop/env9/lib/python3.9/site-packages/django/core/handlers/base.py", line 181, in _get_response
    response = wrapped_callback(request, *callback_args, **callback_kwargs)
  File "/home/aditya/projects/eshop/E-Shop/store/views.py", line 28, in index
    return render(
  File "/home/aditya/projects/eshop/env9/lib/python3.9/site-packages/django/shortcuts.py", line 19, in render
    content = loader.render_to_string(template_name, context, request, using=using)
  File "/home/aditya/projects/eshop/env9/lib/python3.9/site-packages/django/template/loader.py", line 61, in render_to_string
    template = get_template(template_name, using=using)
  File "/home/aditya/projects/eshop/env9/lib/python3.9/site-packages/django/template/loader.py", line 15, in get_template
    return engine.get_template(template_name)
  File "/home/aditya/projects/eshop/env9/lib/python3.9/site-packages/django/template/backends/django.py", line 34, in get_template
    return Template(self.engine.get_template(template_name), self)
  File "/home/aditya/projects/eshop/env9/lib/python3.9/site-packages/django/template/engine.py", line 143, in get_template
    template, origin = self.find_template(template_name)
  File "/home/aditya/projects/eshop/env9/lib/python3.9/site-packages/django/template/engine.py", line 125, in find_template
    template = loader.get_template(name, skip=skip)
  File "/home/aditya/projects/eshop/env9/lib/python3.9/site-packages/django/template/loaders/base.py", line 29, in get_template
    return Template(
  File "/home/aditya/projects/eshop/env9/lib/python3.9/site-packages/django/template/base.py", line 155, in __init__
    self.nodelist = self.compile_nodelist()
  File "/home/aditya/projects/eshop/env9/lib/python3.9/site-packages/django/template/base.py", line 193, in compile_nodelist
    return parser.parse()
  File "/home/aditya/projects/eshop/env9/lib/python3.9/site-packages/django/template/base.py", line 478, in parse
    raise self.error(token, e)
  File "/home/aditya/projects/eshop/env9/lib/python3.9/site-packages/django/template/base.py", line 476, in parse
    compiled_result = compile_func(self, token)
  File "/home/aditya/projects/eshop/env9/lib/python3.9/site-packages/django/template/loader_tags.py", line 278, in do_extends
    nodelist = parser.parse()
  File "/home/aditya/projects/eshop/env9/lib/python3.9/site-packages/django/template/base.py", line 478, in parse
    raise self.error(token, e)
  File "/home/aditya/projects/eshop/env9/lib/python3.9/site-packages/django/template/base.py", line 476, in parse
    compiled_result = compile_func(self, token)
  File "/home/aditya/projects/eshop/env9/lib/python3.9/site-packages/django/template/loader_tags.py", line 216, in do_block
    nodelist = parser.parse(('endblock',))
  File "/home/aditya/projects/eshop/env9/lib/python3.9/site-packages/django/template/base.py", line 478, in parse
    raise self.error(token, e)
  File "/home/aditya/projects/eshop/env9/lib/python3.9/site-packages/django/template/base.py", line 476, in parse
    compiled_result = compile_func(self, token)
  File "/home/aditya/projects/eshop/env9/lib/python3.9/site-packages/django/template/defaulttags.py", line 814, in do_for
    nodelist_loop = parser.parse(('empty', 'endfor',))
  File "/home/aditya/projects/eshop/env9/lib/python3.9/site-packages/django/template/base.py", line 478, in parse
    raise self.error(token, e)
  File "/home/aditya/projects/eshop/env9/lib/python3.9/site-packages/django/template/base.py", line 476, in parse
    compiled_result = compile_func(self, token)
  File "/home/aditya/projects/eshop/env9/lib/python3.9/site-packages/django/template/defaulttags.py", line 965, in do_if
    nodelist = parser.parse(('elif', 'else', 'endif'))
  File "/home/aditya/projects/eshop/env9/lib/python3.9/site-packages/django/template/base.py", line 472, in parse
    self.invalid_block_tag(token, command, parse_until)
  File "/home/aditya/projects/eshop/env9/lib/python3.9/site-packages/django/template/base.py", line 522, in invalid_block_tag
    raise self.error(
django.template.exceptions.TemplateSyntaxError: Invalid block tag on line 26: 'static', expected 'elif', 'else' or 'endif'. Did you forget to register or load this tag?
ERROR    [2021-09-25 10:25:54,958] django.server: "GET /store/ HTTP/1.1" 500 198004
ERROR    [2021-09-25 10:25:54,958] django.server: "GET /store/ HTTP/1.1" 500 198004
INFO     [2021-09-25 10:26:46,354] django.utils.autoreload: /home/aditya/projects/eshop/E-Shop/e_shop/settings.py changed, reloading.
INFO     [2021-09-25 10:26:46,354] django.utils.autoreload: /home/aditya/projects/eshop/E-Shop/e_shop/settings.py changed, reloading.
